<?xml version="1.0" encoding="UTF-8"?>
<!-- Generated by org.testng.reporters.JUnitReportReporter -->
<testsuite hostname="DESKTOP-7VUP4H3" failures="0" tests="1" name="tests.CreateGalleryTest" time="9.540" errors="0" timestamp="2022-02-07T14:56:49 CET" skipped="0">
  <testcase classname="tests.CreateGalleryTest" name="createGallery" time="9.540"/>
  <system-out/>
</testsuite> <!-- tests.CreateGalleryTest -->
