<?xml version="1.0" encoding="UTF-8"?>
<!-- Generated by org.testng.reporters.JUnitReportReporter -->
<testsuite hostname="DESKTOP-7VUP4H3" failures="0" tests="1" name="tests.LogOutTest" time="9.920" errors="0" timestamp="2022-02-07T17:49:32 CET" skipped="0">
  <testcase classname="tests.LogOutTest" name="logOut" time="9.920"/>
  <system-out/>
</testsuite> <!-- tests.LogOutTest -->
