<?xml version="1.0" encoding="UTF-8"?>
<!-- Generated by org.testng.reporters.JUnitReportReporter -->
<testsuite hostname="DESKTOP-7VUP4H3" failures="0" tests="2" name="tests.LogInTest" time="14.555" errors="0" timestamp="2022-02-07T21:29:55 CET" skipped="0">
  <testcase classname="tests.LogInTest" name="logInInvalidCredentials" time="7.679"/>
  <system-out/>
  <testcase classname="tests.LogInTest" name="logInWithValidCredentials" time="6.876"/>
  <system-out/>
</testsuite> <!-- tests.LogInTest -->
