<?xml version="1.0" encoding="UTF-8"?>
<!-- Generated by org.testng.reporters.JUnitReportReporter -->
<testsuite hostname="DESKTOP-7VUP4H3" failures="0" tests="1" name="tests.MyGalleriesTest" time="9.061" errors="0" timestamp="2022-02-07T17:27:15 CET" skipped="0">
  <testcase classname="tests.MyGalleriesTest" name="findMyCreatedGallery" time="9.061"/>
  <system-out/>
</testsuite> <!-- tests.MyGalleriesTest -->
